0.000000 0.000000 -10.000000
0.100000 0.000000 -10.000000
0.200000 0.000000 -10.000000
0.300000 0.000000 -10.000000
0.400000 0.000000 -10.000000
0.000000 0.100000 10.000000
0.100000 0.100000 0.000000
0.200000 0.100000 -2.500000
0.300000 0.100000 -0.000000
0.400000 0.100000 10.000000
0.000000 0.200000 10.000000
0.100000 0.200000 2.500000
0.200000 0.200000 0.000000
0.300000 0.200000 2.500000
0.400000 0.200000 10.000000
0.000000 0.300000 10.000000
0.100000 0.300000 0.000000
0.200000 0.300000 -2.500000
0.300000 0.300000 0.000000
0.400000 0.300000 10.000000
0.000000 0.400000 -10.000000
0.100000 0.400000 -10.000000
0.200000 0.400000 -10.000000
0.300000 0.400000 -10.000000
0.400000 0.400000 10.000000
